ABISoftware/Encoder-SDT/bAndroid/android-build/build/intermediates/manifest_merge_blame_file/debug/manifest-merger-blame-debug-report.txt
1<?xml version="1.0" encoding="utf-8"?>
2<manifest xmlns:android="http://schemas.android.com/apk/res/android"
3    package="org.qtproject.example"
4    android:installLocation="auto"
5    android:versionCode="1"
6    android:versionName="1.0" >
7
8    <uses-sdk
8-->bAndroid\android-build\AndroidManifest.xml:3:5-73
9        android:minSdkVersion="21"
9-->bAndroid\android-build\AndroidManifest.xml:3:15-41
10        android:targetSdkVersion="28" />
10-->bAndroid\android-build\AndroidManifest.xml:3:42-71
11
12    <!--
13         The following comment will be replaced upon deployment with default permissions based on the dependencies of the application.
14         Remove the comment if you do not require these default permissions.
15    -->
16    <uses-permission android:name="android.permission.INTERNET" />
16-->bAndroid\android-build\AndroidManifest.xml:7:5-67
16-->bAndroid\android-build\AndroidManifest.xml:7:22-64
17    <uses-permission android:name="android.permission.WRITE_EXTERNAL_STORAGE" />
17-->bAndroid\android-build\AndroidManifest.xml:8:5-81
17-->bAndroid\android-build\AndroidManifest.xml:8:22-78
18    <uses-permission android:name="android.permission.ACCESS_NETWORK_STATE" />
18-->bAndroid\android-build\AndroidManifest.xml:9:5-79
18-->bAndroid\android-build\AndroidManifest.xml:9:22-76
19    <uses-permission android:name="android.permission.BLUETOOTH" />
19-->bAndroid\android-build\AndroidManifest.xml:10:5-68
19-->bAndroid\android-build\AndroidManifest.xml:10:22-65
20    <uses-permission android:name="android.permission.BLUETOOTH_ADMIN" />
20-->bAndroid\android-build\AndroidManifest.xml:11:5-74
20-->bAndroid\android-build\AndroidManifest.xml:11:22-71
21    <uses-permission android:name="android.permission.ACCESS_COARSE_LOCATION" />
21-->bAndroid\android-build\AndroidManifest.xml:12:5-81
21-->bAndroid\android-build\AndroidManifest.xml:12:22-78
22    <uses-permission android:name="android.permission.CAMERA" />
22-->bAndroid\android-build\AndroidManifest.xml:13:5-65
22-->bAndroid\android-build\AndroidManifest.xml:13:22-62
23    <uses-permission android:name="android.permission.RECORD_AUDIO" />
23-->bAndroid\android-build\AndroidManifest.xml:14:5-71
23-->bAndroid\android-build\AndroidManifest.xml:14:22-68
24
25    <!--
26         The following comment will be replaced upon deployment with default features based on the dependencies of the application.
27         Remove the comment if you do not require these default features.
28    -->
29    <uses-feature
29-->bAndroid\android-build\AndroidManifest.xml:18:5-85
30        android:name="android.hardware.camera"
30-->bAndroid\android-build\AndroidManifest.xml:18:19-57
31        android:required="false" />
31-->bAndroid\android-build\AndroidManifest.xml:18:58-82
32    <uses-feature
32-->bAndroid\android-build\AndroidManifest.xml:19:5-95
33        android:name="android.hardware.camera.autofocus"
33-->bAndroid\android-build\AndroidManifest.xml:19:19-67
34        android:required="false" />
34-->bAndroid\android-build\AndroidManifest.xml:19:68-92
35    <uses-feature
35-->bAndroid\android-build\AndroidManifest.xml:20:5-89
36        android:name="android.hardware.microphone"
36-->bAndroid\android-build\AndroidManifest.xml:20:19-61
37        android:required="false" />
37-->bAndroid\android-build\AndroidManifest.xml:20:62-86
38
39    <supports-screens
39-->bAndroid\android-build\AndroidManifest.xml:22:5-135
40        android:anyDensity="true"
40-->bAndroid\android-build\AndroidManifest.xml:22:80-105
41        android:largeScreens="true"
41-->bAndroid\android-build\AndroidManifest.xml:22:23-50
42        android:normalScreens="true"
42-->bAndroid\android-build\AndroidManifest.xml:22:51-79
43        android:smallScreens="true" />
43-->bAndroid\android-build\AndroidManifest.xml:22:106-133
44
45    <application
45-->bAndroid\android-build\AndroidManifest.xml:24:5-94:19
46        android:name="org.qtproject.qt5.android.bindings.QtApplication"
46-->bAndroid\android-build\AndroidManifest.xml:24:53-116
47        android:debuggable="true"
48        android:extractNativeLibs="true"
48-->bAndroid\android-build\AndroidManifest.xml:24:145-177
49        android:hardwareAccelerated="true"
49-->bAndroid\android-build\AndroidManifest.xml:24:18-52
50        android:icon="@drawable/icon"
50-->bAndroid\android-build\AndroidManifest.xml:24:178-207
51        android:label="Encoder-SDT" >
51-->bAndroid\android-build\AndroidManifest.xml:24:117-144
52        <activity
52-->bAndroid\android-build\AndroidManifest.xml:25:9-90:16
53            android:name="org.qtproject.qt5.android.bindings.QtActivity"
53-->bAndroid\android-build\AndroidManifest.xml:25:189-249
54            android:configChanges="orientation|uiMode|screenLayout|screenSize|smallestScreenSize|layoutDirection|locale|fontScale|keyboard|keyboardHidden|navigation|mcc|mnc|density"
54-->bAndroid\android-build\AndroidManifest.xml:25:19-188
55            android:label="Encoder-SDT"
55-->bAndroid\android-build\AndroidManifest.xml:25:250-277
56            android:launchMode="singleTop"
56-->bAndroid\android-build\AndroidManifest.xml:25:322-352
57            android:screenOrientation="sensorLandscape" >
57-->bAndroid\android-build\AndroidManifest.xml:25:278-321
58            <intent-filter>
58-->bAndroid\android-build\AndroidManifest.xml:26:13-29:29
59                <action android:name="android.intent.action.MAIN" />
59-->bAndroid\android-build\AndroidManifest.xml:27:17-68
59-->bAndroid\android-build\AndroidManifest.xml:27:25-66
60
61                <category android:name="android.intent.category.LAUNCHER" />
61-->bAndroid\android-build\AndroidManifest.xml:28:17-76
61-->bAndroid\android-build\AndroidManifest.xml:28:27-74
62            </intent-filter>
63
64            <!-- Application arguments -->
65            <!-- meta-data android:name="android.app.arguments" android:value="arg1 arg2 arg3"/ -->
66            <!-- Application arguments -->
67
68            <meta-data
68-->bAndroid\android-build\AndroidManifest.xml:35:13-89
69                android:name="android.app.lib_name"
69-->bAndroid\android-build\AndroidManifest.xml:35:24-59
70                android:value="Encoder-SDT" />
70-->bAndroid\android-build\AndroidManifest.xml:35:60-87
71            <meta-data
71-->bAndroid\android-build\AndroidManifest.xml:36:13-112
72                android:name="android.app.qt_sources_resource_id"
72-->bAndroid\android-build\AndroidManifest.xml:36:24-73
73                android:resource="@array/qt_sources" />
73-->bAndroid\android-build\AndroidManifest.xml:36:74-110
74            <meta-data
74-->bAndroid\android-build\AndroidManifest.xml:37:13-87
75                android:name="android.app.repository"
75-->bAndroid\android-build\AndroidManifest.xml:37:24-61
76                android:value="default" />
76-->bAndroid\android-build\AndroidManifest.xml:37:62-85
77            <meta-data
77-->bAndroid\android-build\AndroidManifest.xml:38:13-106
78                android:name="android.app.qt_libs_resource_id"
78-->bAndroid\android-build\AndroidManifest.xml:38:24-70
79                android:resource="@array/qt_libs" />
79-->bAndroid\android-build\AndroidManifest.xml:38:71-104
80            <meta-data
80-->bAndroid\android-build\AndroidManifest.xml:39:13-116
81                android:name="android.app.bundled_libs_resource_id"
81-->bAndroid\android-build\AndroidManifest.xml:39:24-75
82                android:resource="@array/bundled_libs" />
82-->bAndroid\android-build\AndroidManifest.xml:39:76-114
83            <!-- Deploy Qt libs as part of package -->
84            <meta-data
84-->bAndroid\android-build\AndroidManifest.xml:41:13-91
85                android:name="android.app.bundle_local_qt_libs"
85-->bAndroid\android-build\AndroidManifest.xml:41:24-71
86                android:value="1" />
86-->bAndroid\android-build\AndroidManifest.xml:41:72-89
87
88            <!-- Run with local libs -->
89            <meta-data
89-->bAndroid\android-build\AndroidManifest.xml:44:13-88
90                android:name="android.app.use_local_qt_libs"
90-->bAndroid\android-build\AndroidManifest.xml:44:24-68
91                android:value="1" />
91-->bAndroid\android-build\AndroidManifest.xml:44:69-86
92            <meta-data
92-->bAndroid\android-build\AndroidManifest.xml:45:13-100
93                android:name="android.app.libs_prefix"
93-->bAndroid\android-build\AndroidManifest.xml:45:24-62
94                android:value="/data/local/tmp/qt/" />
94-->bAndroid\android-build\AndroidManifest.xml:45:63-98
95            <meta-data
95-->bAndroid\android-build\AndroidManifest.xml:46:13-122
96                android:name="android.app.load_local_libs_resource_id"
96-->bAndroid\android-build\AndroidManifest.xml:46:24-78
97                android:resource="@array/load_local_libs" />
97-->bAndroid\android-build\AndroidManifest.xml:46:79-120
98            <meta-data
98-->bAndroid\android-build\AndroidManifest.xml:47:13-221
99                android:name="android.app.load_local_jars"
99-->bAndroid\android-build\AndroidManifest.xml:47:24-66
100                android:value="jar/QtAndroid.jar:jar/QtAndroidExtras.jar:jar/QtAndroidBearer.jar:jar/QtAndroidBluetooth.jar:jar/QtMultimedia.jar:jar/QtTextToSpeech.jar" />
100-->bAndroid\android-build\AndroidManifest.xml:47:67-219
101            <meta-data
101-->bAndroid\android-build\AndroidManifest.xml:48:13-208
102                android:name="android.app.static_init_classes"
102-->bAndroid\android-build\AndroidManifest.xml:48:24-70
103                android:value="org.qtproject.qt5.android.bluetooth.QtBluetoothBroadcastReceiver:org.qtproject.qt5.android.multimedia.QtMultimediaUtils" />
103-->bAndroid\android-build\AndroidManifest.xml:48:71-206
104            <!-- Used to specify custom system library path to run with local system libs -->
105            <!-- <meta-data android:name="android.app.system_libs_prefix" android:value="/system/lib/"/> -->
106            <!-- Messages maps -->
107            <meta-data
107-->bAndroid\android-build\AndroidManifest.xml:52:13-122
108                android:name="android.app.ministro_not_found_msg"
108-->bAndroid\android-build\AndroidManifest.xml:52:71-120
109                android:value="@string/ministro_not_found_msg" />
109-->bAndroid\android-build\AndroidManifest.xml:52:24-70
110            <meta-data
110-->bAndroid\android-build\AndroidManifest.xml:53:13-116
111                android:name="android.app.ministro_needed_msg"
111-->bAndroid\android-build\AndroidManifest.xml:53:68-114
112                android:value="@string/ministro_needed_msg" />
112-->bAndroid\android-build\AndroidManifest.xml:53:24-67
113            <meta-data
113-->bAndroid\android-build\AndroidManifest.xml:54:13-108
114                android:name="android.app.fatal_error_msg"
114-->bAndroid\android-build\AndroidManifest.xml:54:64-106
115                android:value="@string/fatal_error_msg" />
115-->bAndroid\android-build\AndroidManifest.xml:54:24-63
116            <meta-data
116-->bAndroid\android-build\AndroidManifest.xml:55:13-132
117                android:name="android.app.unsupported_android_version"
117-->bAndroid\android-build\AndroidManifest.xml:55:76-130
118                android:value="@string/unsupported_android_version" />
118-->bAndroid\android-build\AndroidManifest.xml:55:24-75
119            <!-- Messages maps -->
120
121
122            <!-- Splash screen -->
123            <!--
124                 Orientation-specific (portrait/landscape) data is checked first. If not available for current orientation,
125                 then android.app.splash_screen_drawable. For best results, use together with splash_screen_sticky and
126                 use hideSplashScreen() with a fade-out animation from Qt Android Extras to hide the splash screen when you
127                 are done populating your window with content.
128            -->
129            <!-- meta-data android:name="android.app.splash_screen_drawable_portrait" android:resource="@drawable/logo_portrait" / -->
130            <!-- meta-data android:name="android.app.splash_screen_drawable_landscape" android:resource="@drawable/logo_landscape" / -->
131            <!-- meta-data android:name="android.app.splash_screen_drawable" android:resource="@drawable/logo"/ -->
132            <!-- meta-data android:name="android.app.splash_screen_sticky" android:value="true"/ -->
133            <!-- Splash screen -->
134
135
136            <!-- Background running -->
137            <!--
138                 Warning: changing this value to true may cause unexpected crashes if the
139                          application still try to draw after
140                          "applicationStateChanged(Qt::ApplicationSuspended)"
141                          signal is sent!
142            -->
143            <meta-data
143-->bAndroid\android-build\AndroidManifest.xml:74:13-93
144                android:name="android.app.background_running"
144-->bAndroid\android-build\AndroidManifest.xml:74:24-69
145                android:value="false" />
145-->bAndroid\android-build\AndroidManifest.xml:74:70-91
146            <!-- Background running -->
147
148
149            <!-- auto screen scale factor -->
150            <meta-data
150-->bAndroid\android-build\AndroidManifest.xml:78:13-99
151                android:name="android.app.auto_screen_scale_factor"
151-->bAndroid\android-build\AndroidManifest.xml:78:24-75
152                android:value="false" />
152-->bAndroid\android-build\AndroidManifest.xml:78:76-97
153            <!-- auto screen scale factor -->
154
155
156            <!-- extract android style -->
157            <!--
158                 available android:values :
159                * default - In most cases this will be the same as "full", but it can also be something else if needed, e.g., for compatibility reasons
160                * full - useful QWidget & Quick Controls 1 apps
161                * minimal - useful for Quick Controls 2 apps, it is much faster than "full"
162                * none - useful for apps that don't use any of the above Qt modules
163            -->
164            <meta-data
164-->bAndroid\android-build\AndroidManifest.xml:88:13-98
165                android:name="android.app.extract_android_style"
165-->bAndroid\android-build\AndroidManifest.xml:88:24-72
166                android:value="default" />
166-->bAndroid\android-build\AndroidManifest.xml:88:73-96
167            <!-- extract android style -->
168        </activity>
169
170        <!-- For adding service(s) please check: https://wiki.qt.io/AndroidServices -->
171
172    </application>
173
174</manifest>